c:\users\navsha\onedrive - microsoft\desktop\research\ssrl\sun\code\robotic arm kinematics\reinforce_sun\reinforce_sun\debug\reinforce_sun.pch
c:\users\navsha\onedrive - microsoft\desktop\research\ssrl\sun\code\robotic arm kinematics\reinforce_sun\reinforce_sun\debug\vc142.pdb
c:\users\navsha\onedrive - microsoft\desktop\research\ssrl\sun\code\robotic arm kinematics\reinforce_sun\reinforce_sun\debug\vc142.idb
c:\users\navsha\onedrive - microsoft\desktop\research\ssrl\sun\code\robotic arm kinematics\reinforce_sun\reinforce_sun\debug\pch.obj
c:\users\navsha\onedrive - microsoft\desktop\research\ssrl\sun\code\robotic arm kinematics\reinforce_sun\reinforce_sun\debug\unitimmediatereinforcecontroller.obj
c:\users\navsha\onedrive - microsoft\desktop\research\ssrl\sun\code\robotic arm kinematics\reinforce_sun\reinforce_sun\debug\unitdelayedreinforcecontroller.obj
c:\users\navsha\onedrive - microsoft\desktop\research\ssrl\sun\code\robotic arm kinematics\reinforce_sun\reinforce_sun\debug\stochasticimmediatereinforcecontroller.obj
c:\users\navsha\onedrive - microsoft\desktop\research\ssrl\sun\code\robotic arm kinematics\reinforce_sun\reinforce_sun\debug\stochasticdelayedreinforcecontroller.obj
c:\users\navsha\onedrive - microsoft\desktop\research\ssrl\sun\code\robotic arm kinematics\reinforce_sun\reinforce_sun\debug\sunimmediatereinforcecontroller.obj
c:\users\navsha\onedrive - microsoft\desktop\research\ssrl\sun\code\robotic arm kinematics\reinforce_sun\reinforce_sun\debug\sunfeedforwardann.obj
c:\users\navsha\onedrive - microsoft\desktop\research\ssrl\sun\code\robotic arm kinematics\reinforce_sun\reinforce_sun\debug\sundelayedreinforcecontroller.obj
c:\users\navsha\onedrive - microsoft\desktop\research\ssrl\sun\code\robotic arm kinematics\reinforce_sun\reinforce_sun\debug\sunadaptivecontroller.obj
c:\users\navsha\onedrive - microsoft\desktop\research\ssrl\sun\code\robotic arm kinematics\reinforce_sun\reinforce_sun\debug\reinforce_sun.obj
c:\users\navsha\onedrive - microsoft\desktop\research\ssrl\sun\code\robotic arm kinematics\reinforce_sun\reinforce_sun\debug\networkimmediatereinforcecontroller.obj
c:\users\navsha\onedrive - microsoft\desktop\research\ssrl\sun\code\robotic arm kinematics\reinforce_sun\reinforce_sun\debug\networkdelayedreinforcecontroller.obj
c:\users\navsha\onedrive - microsoft\desktop\research\ssrl\sun\code\robotic arm kinematics\reinforce_sun\reinforce_sun\debug\logger.obj
c:\users\navsha\onedrive - microsoft\desktop\research\ssrl\sun\code\robotic arm kinematics\reinforce_sun\reinforce_sun\debug\feedforwardann.obj
c:\users\navsha\onedrive - microsoft\desktop\research\ssrl\sun\code\robotic arm kinematics\reinforce_sun\reinforce_sun\debug\experiment.obj
c:\users\navsha\onedrive - microsoft\desktop\research\ssrl\sun\code\robotic arm kinematics\reinforce_sun\reinforce_sun\debug\datasetgenimmediatereinforcecontroller.obj
c:\users\navsha\onedrive - microsoft\desktop\research\ssrl\sun\code\robotic arm kinematics\reinforce_sun\reinforce_sun\debug\datasetgendelayedreinforcecontroller.obj
c:\users\navsha\onedrive - microsoft\desktop\research\ssrl\sun\code\robotic arm kinematics\reinforce_sun\reinforce_sun\debug\reinforce_sun.res
c:\users\navsha\onedrive - microsoft\desktop\research\ssrl\sun\code\robotic arm kinematics\reinforce_sun\debug\reinforce_sun.pdb
c:\users\navsha\onedrive - microsoft\desktop\research\ssrl\sun\code\robotic arm kinematics\reinforce_sun\reinforce_sun\debug\reinforce_sun.tlog\cl.command.1.tlog
c:\users\navsha\onedrive - microsoft\desktop\research\ssrl\sun\code\robotic arm kinematics\reinforce_sun\reinforce_sun\debug\reinforce_sun.tlog\cl.read.1.tlog
c:\users\navsha\onedrive - microsoft\desktop\research\ssrl\sun\code\robotic arm kinematics\reinforce_sun\reinforce_sun\debug\reinforce_sun.tlog\cl.write.1.tlog
c:\users\navsha\onedrive - microsoft\desktop\research\ssrl\sun\code\robotic arm kinematics\reinforce_sun\reinforce_sun\debug\reinforce_sun.tlog\link.13300-cvtres.read.1.tlog
c:\users\navsha\onedrive - microsoft\desktop\research\ssrl\sun\code\robotic arm kinematics\reinforce_sun\reinforce_sun\debug\reinforce_sun.tlog\link.13300-cvtres.write.1.tlog
c:\users\navsha\onedrive - microsoft\desktop\research\ssrl\sun\code\robotic arm kinematics\reinforce_sun\reinforce_sun\debug\reinforce_sun.tlog\link.13300-rc.read.1.tlog
c:\users\navsha\onedrive - microsoft\desktop\research\ssrl\sun\code\robotic arm kinematics\reinforce_sun\reinforce_sun\debug\reinforce_sun.tlog\link.13300-rc.write.1.tlog
c:\users\navsha\onedrive - microsoft\desktop\research\ssrl\sun\code\robotic arm kinematics\reinforce_sun\reinforce_sun\debug\reinforce_sun.tlog\link.13300.read.1.tlog
c:\users\navsha\onedrive - microsoft\desktop\research\ssrl\sun\code\robotic arm kinematics\reinforce_sun\reinforce_sun\debug\reinforce_sun.tlog\link.13300.write.1.tlog
c:\users\navsha\onedrive - microsoft\desktop\research\ssrl\sun\code\robotic arm kinematics\reinforce_sun\reinforce_sun\debug\reinforce_sun.tlog\link.command.1.tlog
c:\users\navsha\onedrive - microsoft\desktop\research\ssrl\sun\code\robotic arm kinematics\reinforce_sun\reinforce_sun\debug\reinforce_sun.tlog\link.read.1.tlog
c:\users\navsha\onedrive - microsoft\desktop\research\ssrl\sun\code\robotic arm kinematics\reinforce_sun\reinforce_sun\debug\reinforce_sun.tlog\link.write.1.tlog
c:\users\navsha\onedrive - microsoft\desktop\research\ssrl\sun\code\robotic arm kinematics\reinforce_sun\reinforce_sun\debug\reinforce_sun.tlog\rc.command.1.tlog
c:\users\navsha\onedrive - microsoft\desktop\research\ssrl\sun\code\robotic arm kinematics\reinforce_sun\reinforce_sun\debug\reinforce_sun.tlog\rc.read.1.tlog
c:\users\navsha\onedrive - microsoft\desktop\research\ssrl\sun\code\robotic arm kinematics\reinforce_sun\reinforce_sun\debug\reinforce_sun.tlog\rc.write.1.tlog
